**********************************************************************
*                         SLURM Batch System                         *
*              IN2P3 Computing Centre, Villeurbanne FR               *
**********************************************************************
* Date:                 Tue Feb 10 11:53:26 AM CET 2026
* Job name:             launch_job_both.sh
* Job id:               26499695
* User:                 ebarroso
* Account:              lsst
* Submit host:          cca014
* Partition:            lsst
* Quality of service:   normal
* Nodelist:             ccwslurm2006
* Operating System:     Red Hat Enterprise Linux release 9.7 (Plow)
* Architecture:         x86_64
**********************************************************************
/sps/lsst/groups/clusters/cl_pipeline_project/conda_envs/txpipe_clp/lib/python3.12/site-packages/ceci/__init__.py:12: UserWarning: pkg_resources is deprecated as an API. See https://setuptools.pypa.io/en/latest/pkg_resources.html. The pkg_resources package is slated for removal as early as 2025-11-30. Refrain from using this package or pin to Setuptools<81.
  from pkg_resources import DistributionNotFound
SES - yaml config file :  TJPCov
SES - final yaml config :  {'id': 'TJPCov', 'modules': 'clpipeline', 'launcher': {'name': 'mini', 'interval': 0.5}, 'site': {'name': 'local', 'max_threads': 4}, 'stages': [{'name': 'TJPCovPipeline', 'module_name': 'clpipeline.tjpcov_pipeline', 'nprocess': 1}], 'inputs': {'clusters_sacc_file': './clusters_sacc_file.sacc'}, 'config': './cosmodc2_config_both.yml', 'resume': False, 'output_dir': './outputs_both', 'log_dir': './logs_both'}

Executing TJPCovPipeline
Command is:
OMP_NUM_THREADS=1   python3 -m clpipeline TJPCovPipeline   --clusters_sacc_file=./clusters_sacc_file.sacc   --config=./cosmodc2_config_both.yml   --clusters_sacc_file_cov=./outputs_both/clusters_sacc_file_cov.sacc 
Output writing to ./logs_both/TJPCovPipeline.out

Job TJPCovPipeline has completed successfully in 8 minutes, 34.6 seconds seconds !
Pipeline successful.  Joy is sparked.
/sps/lsst/groups/clusters/cl_pipeline_project/conda_envs/firecrown_developer_clp/lib/python3.13/site-packages/ceci/__init__.py:12: UserWarning: pkg_resources is deprecated as an API. See https://setuptools.pypa.io/en/latest/pkg_resources.html. The pkg_resources package is slated for removal as early as 2025-11-30. Refrain from using this package or pin to Setuptools<81.
  from pkg_resources import DistributionNotFound
SES - yaml config file :  Firecrown
SES - final yaml config :  {'id': 'Firecrown', 'modules': 'clpipeline', 'launcher': {'name': 'mini', 'interval': 0.5}, 'site': {'name': 'local', 'max_threads': 4}, 'stages': [{'name': 'FirecrownPipeline', 'module_name': 'clpipeline.firecrown_pipeline', 'nprocess': 1}], 'inputs': {'clusters_sacc_file_cov': './clusters_sacc_file_cov.sacc'}, 'config': './cosmodc2_config_both.yml', 'resume': False, 'output_dir': './outputs_both', 'log_dir': './logs_both'}

Executing FirecrownPipeline
Command is:
OMP_NUM_THREADS=1   python3 -m clpipeline FirecrownPipeline   --clusters_sacc_file_cov=./clusters_sacc_file_cov.sacc   --config=./cosmodc2_config_both.yml   --cluster_counts_mean_mass_redshift_richness=./outputs_both/cluster_counts_mean_mass_redshift_richness.ini   --cluster_redshift_richness=./outputs_both/cluster_redshift_richness.py   --cluster_richness_values=./outputs_both/cluster_richness_values.ini 
Output writing to ./logs_both/FirecrownPipeline.out

Job FirecrownPipeline has completed successfully in 6.5 seconds seconds !
Pipeline successful.  Joy is sparked.
Deprecated: The [pipeline] quiet option is deprecated.  Set [runtime] verbosity instead.
Setting up pipeline from parameter file cluster_counts_mean_mass_redshift_richness.ini
--------------------------------------------------------------------------------------

Setting up module consistency
------------------------------

Setting up module camb
-----------------------
/sps/lsst/groups/clusters/cl_pipeline_project/conda_envs/firecrown_developer_clp/cosmosis-standard-library/boltzmann/camb/camb_interface.py:183: UserWarning: Option kmin does not have an effect.
  warnings.warn("Option kmin does not have an effect.")
**** WARNING: Parameter 'kmin' in the [camb] section never used!


Setting up module firecrown_likelihood
---------------------------------------
Setup all pipeline modules

Module timing:
consistency 0.003127
camb 0.019594
firecrown_likelihood 0.065045

Parameter Priors
----------------
cosmological_parameters--omega_c                   ~ U(0.1552, 0.3552)
cosmological_parameters--sigma_8                   ~ U(0.7, 0.9)
cosmological_parameters--omega_k                   ~ delta(0.0)
cosmological_parameters--omega_b                   ~ delta(0.0448)
cosmological_parameters--tau                       ~ delta(0.08)
cosmological_parameters--n_s                       ~ delta(0.963)
cosmological_parameters--h0                        ~ delta(0.71)
cosmological_parameters--w                         ~ delta(-1.0)
cosmological_parameters--wa                        ~ delta(0.0)
firecrown_number_counts--mass_distribution_mu0     ~ U(2.0, 10.0)
firecrown_number_counts--mass_distribution_mu1     ~ U(0.01, 10.0)
firecrown_number_counts--mass_distribution_mu2     ~ delta(0.1)
firecrown_number_counts--mass_distribution_sigma0  ~ U(0.02, 10.0)

****************************************************
* Running sampler 1/1: emcee
* Running in serial mode.
* Saving output -> output_rp/number_counts_samples.txt
****************************************************
Generating starting positions in small ball around starting point
Begun sampling
consistency took: 0.039 seconds
camb took: 1.233 seconds
Exception running likelihood at parameters: [0.20507461 0.79976976 2.008      0.79352828 0.31067353].You should fix this; for now, using zero likelihood.
Traceback (most recent call last):
  File "/sps/lsst/groups/clusters/cl_pipeline_project/conda_envs/firecrown_developer_clp/lib/python3.13/site-packages/firecrown/updatable/_base.py", line 177, in update
    value = params.get_from_full_name(parameter.fullname)
  File "/sps/lsst/groups/clusters/cl_pipeline_project/conda_envs/firecrown_developer_clp/lib/python3.13/site-packages/firecrown/parameters/_map.py", line 145, in get_from_full_name
    raise KeyError(f"Key {full_name} not found.")
KeyError: 'Key mass_distribution_sigma1 not found.'

The above exception was the direct cause of the following exception:

Traceback (most recent call last):
  File "/sps/lsst/groups/clusters/cl_pipeline_project/conda_envs/firecrown_developer_clp/lib/python3.13/site-packages/firecrown/connector/cosmosis/likelihood.py", line 289, in update_likelihood_and_tools
    self.likelihood.update(firecrown_params, updated_records)
    ~~~~~~~~~~~~~~~~~~~~~~^^^^^^^^^^^^^^^^^^^^^^^^^^^^^^^^^^^
  File "/sps/lsst/groups/clusters/cl_pipeline_project/conda_envs/firecrown_developer_clp/lib/python3.13/site-packages/firecrown/updatable/_base.py", line 204, in update
    item.update(params, updated_record=child_records)
    ~~~~~~~~~~~^^^^^^^^^^^^^^^^^^^^^^^^^^^^^^^^^^^^^^
  File "/sps/lsst/groups/clusters/cl_pipeline_project/conda_envs/firecrown_developer_clp/lib/python3.13/site-packages/firecrown/updatable/_collection.py", line 64, in update
    updatable.update(params, updated_record)
    ~~~~~~~~~~~~~~~~^^^^^^^^^^^^^^^^^^^^^^^^
  File "/sps/lsst/groups/clusters/cl_pipeline_project/conda_envs/firecrown_developer_clp/lib/python3.13/site-packages/firecrown/updatable/_base.py", line 204, in update
    item.update(params, updated_record=child_records)
    ~~~~~~~~~~~^^^^^^^^^^^^^^^^^^^^^^^^^^^^^^^^^^^^^^
  File "/sps/lsst/groups/clusters/cl_pipeline_project/conda_envs/firecrown_developer_clp/lib/python3.13/site-packages/firecrown/updatable/_base.py", line 204, in update
    item.update(params, updated_record=child_records)
    ~~~~~~~~~~~^^^^^^^^^^^^^^^^^^^^^^^^^^^^^^^^^^^^^^
  File "/sps/lsst/groups/clusters/cl_pipeline_project/conda_envs/firecrown_developer_clp/lib/python3.13/site-packages/firecrown/updatable/_base.py", line 204, in update
    item.update(params, updated_record=child_records)
    ~~~~~~~~~~~^^^^^^^^^^^^^^^^^^^^^^^^^^^^^^^^^^^^^^
  File "/sps/lsst/groups/clusters/cl_pipeline_project/conda_envs/firecrown_developer_clp/lib/python3.13/site-packages/firecrown/updatable/_collection.py", line 64, in update
    updatable.update(params, updated_record)
    ~~~~~~~~~~~~~~~~^^^^^^^^^^^^^^^^^^^^^^^^
  File "/sps/lsst/groups/clusters/cl_pipeline_project/conda_envs/firecrown_developer_clp/lib/python3.13/site-packages/firecrown/updatable/_base.py", line 179, in update
    raise MissingSamplerParameterError(parameter.fullname) from exc
firecrown.updatable._exceptions.MissingSamplerParameterError: The parameter `mass_distribution_sigma1` is required to update something in this likelihood.
It should have been supplied by the sampling framework.
The object being updated was:
mass_distribution_sigma1


The above exception was the direct cause of the following exception:

Traceback (most recent call last):
  File "/sps/lsst/groups/clusters/cl_pipeline_project/conda_envs/firecrown_developer_clp/lib/python3.13/site-packages/cosmosis/runtime/pipeline.py", line 1238, in run_results
    like, r.extra, r.block = self.likelihood(p, return_data=True, all_params=all_params)
                             ~~~~~~~~~~~~~~~^^^^^^^^^^^^^^^^^^^^^^^^^^^^^^^^^^^^^^^^^^^^
  File "/sps/lsst/groups/clusters/cl_pipeline_project/conda_envs/firecrown_developer_clp/lib/python3.13/site-packages/cosmosis/runtime/pipeline.py", line 1370, in likelihood
    data = self.run_parameters(p, all_params=all_params)
  File "/sps/lsst/groups/clusters/cl_pipeline_project/conda_envs/firecrown_developer_clp/lib/python3.13/site-packages/cosmosis/runtime/pipeline.py", line 1142, in run_parameters
    if self.run(data):
       ~~~~~~~~^^^^^^
  File "/sps/lsst/groups/clusters/cl_pipeline_project/conda_envs/firecrown_developer_clp/lib/python3.13/site-packages/cosmosis/runtime/pipeline.py", line 649, in run
    status = module.execute(data_package)
  File "/sps/lsst/groups/clusters/cl_pipeline_project/conda_envs/firecrown_developer_clp/lib/python3.13/site-packages/cosmosis/runtime/module.py", line 246, in execute
    return self.execute_function(data_block, self.data)
           ~~~~~~~~~~~~~~~~~~~~~^^^^^^^^^^^^^^^^^^^^^^^
  File "/sps/lsst/groups/clusters/cl_pipeline_project/conda_envs/firecrown_developer_clp/lib/python3.13/site-packages/firecrown/connector/cosmosis/likelihood.py", line 372, in execute
    return instance.execute(sample)
           ~~~~~~~~~~~~~~~~^^^^^^^^
  File "/sps/lsst/groups/clusters/cl_pipeline_project/conda_envs/firecrown_developer_clp/lib/python3.13/site-packages/firecrown/connector/cosmosis/likelihood.py", line 148, in execute
    updated_records = self.update_likelihood_and_tools(firecrown_params)
  File "/sps/lsst/groups/clusters/cl_pipeline_project/conda_envs/firecrown_developer_clp/lib/python3.13/site-packages/firecrown/connector/cosmosis/likelihood.py", line 296, in update_likelihood_and_tools
    raise RuntimeError(msg) from exc
RuntimeError: A required parameter was not found in any of the sections searched on DataBlock.
These are specified by the space-separated string `sampling_parameter_sections`.
The supplied value was: `firecrown_number_counts`
The missing parameter is named: `mass_distribution_sigma1`



Because you have debug=T I will let this kill the chain.
The input parameters were:array([0.20507461, 0.79976976, 2.008     , 0.79352828, 0.31067353])
Traceback (most recent call last):
  File "/sps/lsst/groups/clusters/cl_pipeline_project/conda_envs/firecrown_developer_clp/lib/python3.13/site-packages/firecrown/updatable/_base.py", line 177, in update
    value = params.get_from_full_name(parameter.fullname)
  File "/sps/lsst/groups/clusters/cl_pipeline_project/conda_envs/firecrown_developer_clp/lib/python3.13/site-packages/firecrown/parameters/_map.py", line 145, in get_from_full_name
    raise KeyError(f"Key {full_name} not found.")
KeyError: 'Key mass_distribution_sigma1 not found.'

The above exception was the direct cause of the following exception:

Traceback (most recent call last):
  File "/sps/lsst/groups/clusters/cl_pipeline_project/conda_envs/firecrown_developer_clp/lib/python3.13/site-packages/firecrown/connector/cosmosis/likelihood.py", line 289, in update_likelihood_and_tools
    self.likelihood.update(firecrown_params, updated_records)
    ~~~~~~~~~~~~~~~~~~~~~~^^^^^^^^^^^^^^^^^^^^^^^^^^^^^^^^^^^
  File "/sps/lsst/groups/clusters/cl_pipeline_project/conda_envs/firecrown_developer_clp/lib/python3.13/site-packages/firecrown/updatable/_base.py", line 204, in update
    item.update(params, updated_record=child_records)
    ~~~~~~~~~~~^^^^^^^^^^^^^^^^^^^^^^^^^^^^^^^^^^^^^^
  File "/sps/lsst/groups/clusters/cl_pipeline_project/conda_envs/firecrown_developer_clp/lib/python3.13/site-packages/firecrown/updatable/_collection.py", line 64, in update
    updatable.update(params, updated_record)
    ~~~~~~~~~~~~~~~~^^^^^^^^^^^^^^^^^^^^^^^^
  File "/sps/lsst/groups/clusters/cl_pipeline_project/conda_envs/firecrown_developer_clp/lib/python3.13/site-packages/firecrown/updatable/_base.py", line 204, in update
    item.update(params, updated_record=child_records)
    ~~~~~~~~~~~^^^^^^^^^^^^^^^^^^^^^^^^^^^^^^^^^^^^^^
  File "/sps/lsst/groups/clusters/cl_pipeline_project/conda_envs/firecrown_developer_clp/lib/python3.13/site-packages/firecrown/updatable/_base.py", line 204, in update
    item.update(params, updated_record=child_records)
    ~~~~~~~~~~~^^^^^^^^^^^^^^^^^^^^^^^^^^^^^^^^^^^^^^
  File "/sps/lsst/groups/clusters/cl_pipeline_project/conda_envs/firecrown_developer_clp/lib/python3.13/site-packages/firecrown/updatable/_base.py", line 204, in update
    item.update(params, updated_record=child_records)
    ~~~~~~~~~~~^^^^^^^^^^^^^^^^^^^^^^^^^^^^^^^^^^^^^^
  File "/sps/lsst/groups/clusters/cl_pipeline_project/conda_envs/firecrown_developer_clp/lib/python3.13/site-packages/firecrown/updatable/_collection.py", line 64, in update
    updatable.update(params, updated_record)
    ~~~~~~~~~~~~~~~~^^^^^^^^^^^^^^^^^^^^^^^^
  File "/sps/lsst/groups/clusters/cl_pipeline_project/conda_envs/firecrown_developer_clp/lib/python3.13/site-packages/firecrown/updatable/_base.py", line 179, in update
    raise MissingSamplerParameterError(parameter.fullname) from exc
firecrown.updatable._exceptions.MissingSamplerParameterError: The parameter `mass_distribution_sigma1` is required to update something in this likelihood.
It should have been supplied by the sampling framework.
The object being updated was:
mass_distribution_sigma1


The above exception was the direct cause of the following exception:

Traceback (most recent call last):
  File "/sps/lsst/groups/clusters/cl_pipeline_project/conda_envs/firecrown_developer_clp/lib/python3.13/site-packages/emcee/ensemble.py", line 640, in __call__
    return self.f(x, *self.args, **self.kwargs)
           ~~~~~~^^^^^^^^^^^^^^^^^^^^^^^^^^^^^^
  File "/sps/lsst/groups/clusters/cl_pipeline_project/conda_envs/firecrown_developer_clp/lib/python3.13/site-packages/cosmosis/samplers/emcee/emcee_sampler.py", line 8, in log_probability_function
    r = emcee_pipeline.run_results(p)
  File "/sps/lsst/groups/clusters/cl_pipeline_project/conda_envs/firecrown_developer_clp/lib/python3.13/site-packages/cosmosis/runtime/pipeline.py", line 1238, in run_results
    like, r.extra, r.block = self.likelihood(p, return_data=True, all_params=all_params)
                             ~~~~~~~~~~~~~~~^^^^^^^^^^^^^^^^^^^^^^^^^^^^^^^^^^^^^^^^^^^^
  File "/sps/lsst/groups/clusters/cl_pipeline_project/conda_envs/firecrown_developer_clp/lib/python3.13/site-packages/cosmosis/runtime/pipeline.py", line 1370, in likelihood
    data = self.run_parameters(p, all_params=all_params)
  File "/sps/lsst/groups/clusters/cl_pipeline_project/conda_envs/firecrown_developer_clp/lib/python3.13/site-packages/cosmosis/runtime/pipeline.py", line 1142, in run_parameters
    if self.run(data):
       ~~~~~~~~^^^^^^
  File "/sps/lsst/groups/clusters/cl_pipeline_project/conda_envs/firecrown_developer_clp/lib/python3.13/site-packages/cosmosis/runtime/pipeline.py", line 649, in run
    status = module.execute(data_package)
  File "/sps/lsst/groups/clusters/cl_pipeline_project/conda_envs/firecrown_developer_clp/lib/python3.13/site-packages/cosmosis/runtime/module.py", line 246, in execute
    return self.execute_function(data_block, self.data)
           ~~~~~~~~~~~~~~~~~~~~~^^^^^^^^^^^^^^^^^^^^^^^
  File "/sps/lsst/groups/clusters/cl_pipeline_project/conda_envs/firecrown_developer_clp/lib/python3.13/site-packages/firecrown/connector/cosmosis/likelihood.py", line 372, in execute
    return instance.execute(sample)
           ~~~~~~~~~~~~~~~~^^^^^^^^
  File "/sps/lsst/groups/clusters/cl_pipeline_project/conda_envs/firecrown_developer_clp/lib/python3.13/site-packages/firecrown/connector/cosmosis/likelihood.py", line 148, in execute
    updated_records = self.update_likelihood_and_tools(firecrown_params)
  File "/sps/lsst/groups/clusters/cl_pipeline_project/conda_envs/firecrown_developer_clp/lib/python3.13/site-packages/firecrown/connector/cosmosis/likelihood.py", line 296, in update_likelihood_and_tools
    raise RuntimeError(msg) from exc
RuntimeError: A required parameter was not found in any of the sections searched on DataBlock.
These are specified by the space-separated string `sampling_parameter_sections`.
The supplied value was: `firecrown_number_counts`
The missing parameter is named: `mass_distribution_sigma1`

emcee: Exception while calling your likelihood function:
  params: [0.20507461 0.79976976 2.008      0.79352828 0.31067353]
  args: []
  kwargs: {}
  exception:
Traceback (most recent call last):
  File "/sps/lsst/groups/clusters/cl_pipeline_project/conda_envs/firecrown_developer_clp/lib/python3.13/site-packages/firecrown/updatable/_base.py", line 177, in update
    value = params.get_from_full_name(parameter.fullname)
  File "/sps/lsst/groups/clusters/cl_pipeline_project/conda_envs/firecrown_developer_clp/lib/python3.13/site-packages/firecrown/parameters/_map.py", line 145, in get_from_full_name
    raise KeyError(f"Key {full_name} not found.")
KeyError: 'Key mass_distribution_sigma1 not found.'

The above exception was the direct cause of the following exception:

Traceback (most recent call last):
  File "/sps/lsst/groups/clusters/cl_pipeline_project/conda_envs/firecrown_developer_clp/lib/python3.13/site-packages/firecrown/connector/cosmosis/likelihood.py", line 289, in update_likelihood_and_tools
    self.likelihood.update(firecrown_params, updated_records)
    ~~~~~~~~~~~~~~~~~~~~~~^^^^^^^^^^^^^^^^^^^^^^^^^^^^^^^^^^^
  File "/sps/lsst/groups/clusters/cl_pipeline_project/conda_envs/firecrown_developer_clp/lib/python3.13/site-packages/firecrown/updatable/_base.py", line 204, in update
    item.update(params, updated_record=child_records)
    ~~~~~~~~~~~^^^^^^^^^^^^^^^^^^^^^^^^^^^^^^^^^^^^^^
  File "/sps/lsst/groups/clusters/cl_pipeline_project/conda_envs/firecrown_developer_clp/lib/python3.13/site-packages/firecrown/updatable/_collection.py", line 64, in update
    updatable.update(params, updated_record)
    ~~~~~~~~~~~~~~~~^^^^^^^^^^^^^^^^^^^^^^^^
  File "/sps/lsst/groups/clusters/cl_pipeline_project/conda_envs/firecrown_developer_clp/lib/python3.13/site-packages/firecrown/updatable/_base.py", line 204, in update
    item.update(params, updated_record=child_records)
    ~~~~~~~~~~~^^^^^^^^^^^^^^^^^^^^^^^^^^^^^^^^^^^^^^
  File "/sps/lsst/groups/clusters/cl_pipeline_project/conda_envs/firecrown_developer_clp/lib/python3.13/site-packages/firecrown/updatable/_base.py", line 204, in update
    item.update(params, updated_record=child_records)
    ~~~~~~~~~~~^^^^^^^^^^^^^^^^^^^^^^^^^^^^^^^^^^^^^^
  File "/sps/lsst/groups/clusters/cl_pipeline_project/conda_envs/firecrown_developer_clp/lib/python3.13/site-packages/firecrown/updatable/_base.py", line 204, in update
    item.update(params, updated_record=child_records)
    ~~~~~~~~~~~^^^^^^^^^^^^^^^^^^^^^^^^^^^^^^^^^^^^^^
  File "/sps/lsst/groups/clusters/cl_pipeline_project/conda_envs/firecrown_developer_clp/lib/python3.13/site-packages/firecrown/updatable/_collection.py", line 64, in update
    updatable.update(params, updated_record)
    ~~~~~~~~~~~~~~~~^^^^^^^^^^^^^^^^^^^^^^^^
  File "/sps/lsst/groups/clusters/cl_pipeline_project/conda_envs/firecrown_developer_clp/lib/python3.13/site-packages/firecrown/updatable/_base.py", line 179, in update
    raise MissingSamplerParameterError(parameter.fullname) from exc
firecrown.updatable._exceptions.MissingSamplerParameterError: The parameter `mass_distribution_sigma1` is required to update something in this likelihood.
It should have been supplied by the sampling framework.
The object being updated was:
mass_distribution_sigma1


The above exception was the direct cause of the following exception:

Traceback (most recent call last):
  File "/sps/lsst/groups/clusters/cl_pipeline_project/conda_envs/firecrown_developer_clp/bin/cosmosis", line 4, in <module>
    status = cosmosis.main.main()
  File "/sps/lsst/groups/clusters/cl_pipeline_project/conda_envs/firecrown_developer_clp/lib/python3.13/site-packages/cosmosis/main.py", line 585, in main
    return run_cosmosis(ini=args.inifile, pool=None, override=args.params, profile_mem=args.mem, profile_cpu=args.profile, variables=args.variables, only=args.only)
  File "/sps/lsst/groups/clusters/cl_pipeline_project/conda_envs/firecrown_developer_clp/lib/python3.13/site-packages/cosmosis/main.py", line 436, in run_cosmosis
    sampler_main_loop(sampler, output, pool, is_root)
    ~~~~~~~~~~~~~~~~~^^^^^^^^^^^^^^^^^^^^^^^^^^^^^^^^
  File "/sps/lsst/groups/clusters/cl_pipeline_project/conda_envs/firecrown_developer_clp/lib/python3.13/site-packages/cosmosis/main.py", line 70, in sampler_main_loop
    sampler.execute()
    ~~~~~~~~~~~~~~~^^
  File "/sps/lsst/groups/clusters/cl_pipeline_project/conda_envs/firecrown_developer_clp/lib/python3.13/site-packages/cosmosis/samplers/emcee/emcee_sampler.py", line 154, in execute
    for (pos, prob, rstate, extra_info) in self.ensemble.sample(self.p0, **kwargs):
                                           ~~~~~~~~~~~~~~~~~~~~^^^^^^^^^^^^^^^^^^^
  File "/sps/lsst/groups/clusters/cl_pipeline_project/conda_envs/firecrown_developer_clp/lib/python3.13/site-packages/emcee/ensemble.py", line 351, in sample
    state.log_prob, state.blobs = self.compute_log_prob(state.coords)
                                  ~~~~~~~~~~~~~~~~~~~~~^^^^^^^^^^^^^^
  File "/sps/lsst/groups/clusters/cl_pipeline_project/conda_envs/firecrown_developer_clp/lib/python3.13/site-packages/emcee/ensemble.py", line 496, in compute_log_prob
    results = list(map_func(self.log_prob_fn, p))
  File "/sps/lsst/groups/clusters/cl_pipeline_project/conda_envs/firecrown_developer_clp/lib/python3.13/site-packages/emcee/ensemble.py", line 640, in __call__
    return self.f(x, *self.args, **self.kwargs)
           ~~~~~~^^^^^^^^^^^^^^^^^^^^^^^^^^^^^^
  File "/sps/lsst/groups/clusters/cl_pipeline_project/conda_envs/firecrown_developer_clp/lib/python3.13/site-packages/cosmosis/samplers/emcee/emcee_sampler.py", line 8, in log_probability_function
    r = emcee_pipeline.run_results(p)
  File "/sps/lsst/groups/clusters/cl_pipeline_project/conda_envs/firecrown_developer_clp/lib/python3.13/site-packages/cosmosis/runtime/pipeline.py", line 1238, in run_results
    like, r.extra, r.block = self.likelihood(p, return_data=True, all_params=all_params)
                             ~~~~~~~~~~~~~~~^^^^^^^^^^^^^^^^^^^^^^^^^^^^^^^^^^^^^^^^^^^^
  File "/sps/lsst/groups/clusters/cl_pipeline_project/conda_envs/firecrown_developer_clp/lib/python3.13/site-packages/cosmosis/runtime/pipeline.py", line 1370, in likelihood
    data = self.run_parameters(p, all_params=all_params)
  File "/sps/lsst/groups/clusters/cl_pipeline_project/conda_envs/firecrown_developer_clp/lib/python3.13/site-packages/cosmosis/runtime/pipeline.py", line 1142, in run_parameters
    if self.run(data):
       ~~~~~~~~^^^^^^
  File "/sps/lsst/groups/clusters/cl_pipeline_project/conda_envs/firecrown_developer_clp/lib/python3.13/site-packages/cosmosis/runtime/pipeline.py", line 649, in run
    status = module.execute(data_package)
  File "/sps/lsst/groups/clusters/cl_pipeline_project/conda_envs/firecrown_developer_clp/lib/python3.13/site-packages/cosmosis/runtime/module.py", line 246, in execute
    return self.execute_function(data_block, self.data)
           ~~~~~~~~~~~~~~~~~~~~~^^^^^^^^^^^^^^^^^^^^^^^
  File "/sps/lsst/groups/clusters/cl_pipeline_project/conda_envs/firecrown_developer_clp/lib/python3.13/site-packages/firecrown/connector/cosmosis/likelihood.py", line 372, in execute
    return instance.execute(sample)
           ~~~~~~~~~~~~~~~~^^^^^^^^
  File "/sps/lsst/groups/clusters/cl_pipeline_project/conda_envs/firecrown_developer_clp/lib/python3.13/site-packages/firecrown/connector/cosmosis/likelihood.py", line 148, in execute
    updated_records = self.update_likelihood_and_tools(firecrown_params)
  File "/sps/lsst/groups/clusters/cl_pipeline_project/conda_envs/firecrown_developer_clp/lib/python3.13/site-packages/firecrown/connector/cosmosis/likelihood.py", line 296, in update_likelihood_and_tools
    raise RuntimeError(msg) from exc
RuntimeError: A required parameter was not found in any of the sections searched on DataBlock.
These are specified by the space-separated string `sampling_parameter_sections`.
The supplied value was: `firecrown_number_counts`
The missing parameter is named: `mass_distribution_sigma1`

****************************************************************
*                      SLURM Batch System                      *
*           IN2P3 Computing Centre, Villeurbanne FR            *
****************************************************************
Date: Tue Feb 10 12:02:35 PM CET 2026
Job informations can be found using these commands:
Accounting:
sacct -j 26499695
Efficiency:
seff 26499695
****************************************************************
