**********************************************************************
*                         SLURM Batch System                         *
*              IN2P3 Computing Centre, Villeurbanne FR               *
**********************************************************************
* Date:                 Thu Feb 19 06:34:38 PM CET 2026
* Job name:             launch_job_mor.sh
* Job id:               28250900
* User:                 ebarroso
* Account:              lsst
* Submit host:          cca012
* Partition:            hpc
* Quality of service:   normal
* Nodelist:             ccwpslurm0024
* Operating System:     Red Hat Enterprise Linux release 9.7 (Plow)
* Architecture:         x86_64
**********************************************************************
/sps/lsst/groups/clusters/cl_pipeline_project/conda_envs/txpipe_clp/lib/python3.12/site-packages/ceci/__init__.py:12: UserWarning: pkg_resources is deprecated as an API. See https://setuptools.pypa.io/en/latest/pkg_resources.html. The pkg_resources package is slated for removal as early as 2025-11-30. Refrain from using this package or pin to Setuptools<81.
  from pkg_resources import DistributionNotFound
SES - yaml config file :  TJPCov
SES - final yaml config :  {'id': 'TJPCov', 'modules': 'clpipeline', 'launcher': {'name': 'mini', 'interval': 0.5}, 'site': {'name': 'local', 'max_threads': 4}, 'stages': [{'name': 'TJPCovPipeline', 'module_name': 'clpipeline.tjpcov_pipeline', 'nprocess': 1}], 'inputs': {'clusters_sacc_file': '/sps/lsst/groups/clusters/cl_pipeline_project/TXPipe_data/cosmodc2/outputs-full-2026/cluster_sacc_catalog.sacc'}, 'config': './cosmodc2_config_mor.yml', 'resume': False, 'output_dir': './outputs_mor', 'log_dir': './logs_mor'}

Executing TJPCovPipeline
Command is:
OMP_NUM_THREADS=1   python3 -m clpipeline TJPCovPipeline   --clusters_sacc_file=/sps/lsst/groups/clusters/cl_pipeline_project/TXPipe_data/cosmodc2/outputs-full-2026/cluster_sacc_catalog.sacc   --config=./cosmodc2_config_mor.yml   --clusters_sacc_file_cov=./outputs_mor/clusters_sacc_file_cov.sacc 
Output writing to ./logs_mor/TJPCovPipeline.out

Job TJPCovPipeline has completed successfully in 24 minutes, 9.3 seconds seconds !
Pipeline successful.  Joy is sparked.
WARNING: overwriting environment variables set in the machine
overwriting variable ['CSL_DIR', 'FIRECROWN_DIR']
/sps/lsst/groups/clusters/cl_pipeline_project/conda_envs/firecrown_developer_clp/lib/python3.13/site-packages/ceci/__init__.py:12: UserWarning: pkg_resources is deprecated as an API. See https://setuptools.pypa.io/en/latest/pkg_resources.html. The pkg_resources package is slated for removal as early as 2025-11-30. Refrain from using this package or pin to Setuptools<81.
  from pkg_resources import DistributionNotFound
SES - yaml config file :  Firecrown
SES - final yaml config :  {'id': 'Firecrown', 'modules': 'clpipeline', 'launcher': {'name': 'mini', 'interval': 0.5}, 'site': {'name': 'local', 'max_threads': 4}, 'stages': [{'name': 'FirecrownPipeline', 'module_name': 'clpipeline.firecrown_pipeline', 'nprocess': 1}], 'inputs': {'clusters_sacc_file_cov': './outputs_mor/clusters_sacc_file_cov.sacc'}, 'config': './cosmodc2_config_mor.yml', 'resume': False, 'output_dir': './outputs_mor', 'log_dir': './logs_mor'}

Executing FirecrownPipeline
Command is:
OMP_NUM_THREADS=1   python3 -m clpipeline FirecrownPipeline   --clusters_sacc_file_cov=./outputs_mor/clusters_sacc_file_cov.sacc   --config=./cosmodc2_config_mor.yml   --cluster_counts_mean_mass_redshift_richness=./outputs_mor/cluster_counts_mean_mass_redshift_richness.ini   --cluster_redshift_richness=./outputs_mor/cluster_redshift_richness.py   --cluster_richness_values=./outputs_mor/cluster_richness_values.ini 
Output writing to ./logs_mor/FirecrownPipeline.out

Job FirecrownPipeline has completed successfully in 1.0 seconds seconds !
Pipeline successful.  Joy is sparked.
Deprecated: The [pipeline] quiet option is deprecated.  Set [runtime] verbosity instead.
Setting up pipeline from parameter file cluster_counts_mean_mass_redshift_richness.ini
--------------------------------------------------------------------------------------

Setting up module consistency
------------------------------

Setting up module camb
-----------------------
/sps/lsst/groups/clusters/cl_pipeline_project/conda_envs/firecrown_developer_clp/cosmosis-standard-library/boltzmann/camb/camb_interface.py:183: UserWarning: Option kmin does not have an effect.
  warnings.warn("Option kmin does not have an effect.")
**** WARNING: Parameter 'kmin' in the [camb] section never used!


Setting up module firecrown_likelihood
---------------------------------------
Setup all pipeline modules

Module timing:
consistency 0.001101
camb 0.001359
firecrown_likelihood 0.061630

Parameter Priors
----------------
cosmological_parameters--omega_c                               ~ delta(0.22)
cosmological_parameters--sigma_8                               ~ delta(0.8)
cosmological_parameters--omega_k                               ~ delta(0.0)
cosmological_parameters--omega_b                               ~ delta(0.0448)
cosmological_parameters--tau                                   ~ delta(0.08)
cosmological_parameters--n_s                                   ~ delta(0.963)
cosmological_parameters--h0                                    ~ delta(0.71)
cosmological_parameters--w                                     ~ delta(-1.0)
cosmological_parameters--wa                                    ~ delta(0.0)
firecrown_number_counts--mass_distribution_mu0                 ~ U(1.0, 10.0)
firecrown_number_counts--mass_distribution_mu1                 ~ U(-2.0, 2.0)
firecrown_number_counts--mass_distribution_mu2                 ~ U(-2.0, 2.0)
firecrown_number_counts--mass_distribution_sigma0              ~ U(0.02, 5.0)
firecrown_number_counts--mass_distribution_sigma1              ~ delta(0.0)
firecrown_number_counts--mass_distribution_sigma2              ~ delta(0.0)
firecrown_number_counts--completeness_a_n                      ~ delta(0.38)
firecrown_number_counts--completeness_b_n                      ~ delta(1.2634)
firecrown_number_counts--completeness_a_logm_piv               ~ delta(13.31)
firecrown_number_counts--completeness_b_logm_piv               ~ delta(0.2025)
firecrown_number_counts--cluster_theory_cluster_concentration  ~ delta(3.8)

****************************************************
* Running sampler 1/1: emcee
* Running in serial mode.
* Saving output -> output_rp/number_counts_samples.txt
****************************************************
Generating starting positions in small ball around starting point
Begun sampling
consistency took: 0.012 seconds
camb took: 3.087 seconds
Exception running likelihood at parameters: [ 2.99063777  0.79745243 -0.29724824  0.30226536].You should fix this; for now, using zero likelihood.
Traceback (most recent call last):
  File "/sps/lsst/groups/clusters/cl_pipeline_project/conda_envs/firecrown_developer_clp/lib/python3.13/site-packages/firecrown/updatable/_base.py", line 177, in update
    value = params.get_from_full_name(parameter.fullname)
  File "/sps/lsst/groups/clusters/cl_pipeline_project/conda_envs/firecrown_developer_clp/lib/python3.13/site-packages/firecrown/parameters/_map.py", line 145, in get_from_full_name
    raise KeyError(f"Key {full_name} not found.")
KeyError: 'Key purity_a_n not found.'

The above exception was the direct cause of the following exception:

Traceback (most recent call last):
  File "/sps/lsst/groups/clusters/cl_pipeline_project/conda_envs/firecrown_developer_clp/lib/python3.13/site-packages/firecrown/connector/cosmosis/likelihood.py", line 289, in update_likelihood_and_tools
    self.likelihood.update(firecrown_params, updated_records)
    ~~~~~~~~~~~~~~~~~~~~~~^^^^^^^^^^^^^^^^^^^^^^^^^^^^^^^^^^^
  File "/sps/lsst/groups/clusters/cl_pipeline_project/conda_envs/firecrown_developer_clp/lib/python3.13/site-packages/firecrown/updatable/_base.py", line 204, in update
    item.update(params, updated_record=child_records)
    ~~~~~~~~~~~^^^^^^^^^^^^^^^^^^^^^^^^^^^^^^^^^^^^^^
  File "/sps/lsst/groups/clusters/cl_pipeline_project/conda_envs/firecrown_developer_clp/lib/python3.13/site-packages/firecrown/updatable/_collection.py", line 64, in update
    updatable.update(params, updated_record)
    ~~~~~~~~~~~~~~~~^^^^^^^^^^^^^^^^^^^^^^^^
  File "/sps/lsst/groups/clusters/cl_pipeline_project/conda_envs/firecrown_developer_clp/lib/python3.13/site-packages/firecrown/updatable/_base.py", line 204, in update
    item.update(params, updated_record=child_records)
    ~~~~~~~~~~~^^^^^^^^^^^^^^^^^^^^^^^^^^^^^^^^^^^^^^
  File "/sps/lsst/groups/clusters/cl_pipeline_project/conda_envs/firecrown_developer_clp/lib/python3.13/site-packages/firecrown/updatable/_base.py", line 204, in update
    item.update(params, updated_record=child_records)
    ~~~~~~~~~~~^^^^^^^^^^^^^^^^^^^^^^^^^^^^^^^^^^^^^^
  File "/sps/lsst/groups/clusters/cl_pipeline_project/conda_envs/firecrown_developer_clp/lib/python3.13/site-packages/firecrown/updatable/_base.py", line 204, in update
    item.update(params, updated_record=child_records)
    ~~~~~~~~~~~^^^^^^^^^^^^^^^^^^^^^^^^^^^^^^^^^^^^^^
  File "/sps/lsst/groups/clusters/cl_pipeline_project/conda_envs/firecrown_developer_clp/lib/python3.13/site-packages/firecrown/updatable/_collection.py", line 64, in update
    updatable.update(params, updated_record)
    ~~~~~~~~~~~~~~~~^^^^^^^^^^^^^^^^^^^^^^^^
  File "/sps/lsst/groups/clusters/cl_pipeline_project/conda_envs/firecrown_developer_clp/lib/python3.13/site-packages/firecrown/updatable/_base.py", line 179, in update
    raise MissingSamplerParameterError(parameter.fullname) from exc
firecrown.updatable._exceptions.MissingSamplerParameterError: The parameter `purity_a_n` is required to update something in this likelihood.
It should have been supplied by the sampling framework.
The object being updated was:
purity_a_n


The above exception was the direct cause of the following exception:

Traceback (most recent call last):
  File "/sps/lsst/groups/clusters/cl_pipeline_project/conda_envs/firecrown_developer_clp/lib/python3.13/site-packages/cosmosis/runtime/pipeline.py", line 1238, in run_results
    like, r.extra, r.block = self.likelihood(p, return_data=True, all_params=all_params)
                             ~~~~~~~~~~~~~~~^^^^^^^^^^^^^^^^^^^^^^^^^^^^^^^^^^^^^^^^^^^^
  File "/sps/lsst/groups/clusters/cl_pipeline_project/conda_envs/firecrown_developer_clp/lib/python3.13/site-packages/cosmosis/runtime/pipeline.py", line 1370, in likelihood
    data = self.run_parameters(p, all_params=all_params)
  File "/sps/lsst/groups/clusters/cl_pipeline_project/conda_envs/firecrown_developer_clp/lib/python3.13/site-packages/cosmosis/runtime/pipeline.py", line 1142, in run_parameters
    if self.run(data):
       ~~~~~~~~^^^^^^
  File "/sps/lsst/groups/clusters/cl_pipeline_project/conda_envs/firecrown_developer_clp/lib/python3.13/site-packages/cosmosis/runtime/pipeline.py", line 649, in run
    status = module.execute(data_package)
  File "/sps/lsst/groups/clusters/cl_pipeline_project/conda_envs/firecrown_developer_clp/lib/python3.13/site-packages/cosmosis/runtime/module.py", line 246, in execute
    return self.execute_function(data_block, self.data)
           ~~~~~~~~~~~~~~~~~~~~~^^^^^^^^^^^^^^^^^^^^^^^
  File "/sps/lsst/groups/clusters/cl_pipeline_project/conda_envs/firecrown_developer_clp/lib/python3.13/site-packages/firecrown/connector/cosmosis/likelihood.py", line 372, in execute
    return instance.execute(sample)
           ~~~~~~~~~~~~~~~~^^^^^^^^
  File "/sps/lsst/groups/clusters/cl_pipeline_project/conda_envs/firecrown_developer_clp/lib/python3.13/site-packages/firecrown/connector/cosmosis/likelihood.py", line 148, in execute
    updated_records = self.update_likelihood_and_tools(firecrown_params)
  File "/sps/lsst/groups/clusters/cl_pipeline_project/conda_envs/firecrown_developer_clp/lib/python3.13/site-packages/firecrown/connector/cosmosis/likelihood.py", line 296, in update_likelihood_and_tools
    raise RuntimeError(msg) from exc
RuntimeError: A required parameter was not found in any of the sections searched on DataBlock.
These are specified by the space-separated string `sampling_parameter_sections`.
The supplied value was: `firecrown_number_counts`
The missing parameter is named: `purity_a_n`



Because you have debug=T I will let this kill the chain.
The input parameters were:array([ 2.99063777,  0.79745243, -0.29724824,  0.30226536])
Traceback (most recent call last):
  File "/sps/lsst/groups/clusters/cl_pipeline_project/conda_envs/firecrown_developer_clp/lib/python3.13/site-packages/firecrown/updatable/_base.py", line 177, in update
    value = params.get_from_full_name(parameter.fullname)
  File "/sps/lsst/groups/clusters/cl_pipeline_project/conda_envs/firecrown_developer_clp/lib/python3.13/site-packages/firecrown/parameters/_map.py", line 145, in get_from_full_name
    raise KeyError(f"Key {full_name} not found.")
KeyError: 'Key purity_a_n not found.'

The above exception was the direct cause of the following exception:

Traceback (most recent call last):
  File "/sps/lsst/groups/clusters/cl_pipeline_project/conda_envs/firecrown_developer_clp/lib/python3.13/site-packages/firecrown/connector/cosmosis/likelihood.py", line 289, in update_likelihood_and_tools
    self.likelihood.update(firecrown_params, updated_records)
    ~~~~~~~~~~~~~~~~~~~~~~^^^^^^^^^^^^^^^^^^^^^^^^^^^^^^^^^^^
  File "/sps/lsst/groups/clusters/cl_pipeline_project/conda_envs/firecrown_developer_clp/lib/python3.13/site-packages/firecrown/updatable/_base.py", line 204, in update
    item.update(params, updated_record=child_records)
    ~~~~~~~~~~~^^^^^^^^^^^^^^^^^^^^^^^^^^^^^^^^^^^^^^
  File "/sps/lsst/groups/clusters/cl_pipeline_project/conda_envs/firecrown_developer_clp/lib/python3.13/site-packages/firecrown/updatable/_collection.py", line 64, in update
    updatable.update(params, updated_record)
    ~~~~~~~~~~~~~~~~^^^^^^^^^^^^^^^^^^^^^^^^
  File "/sps/lsst/groups/clusters/cl_pipeline_project/conda_envs/firecrown_developer_clp/lib/python3.13/site-packages/firecrown/updatable/_base.py", line 204, in update
    item.update(params, updated_record=child_records)
    ~~~~~~~~~~~^^^^^^^^^^^^^^^^^^^^^^^^^^^^^^^^^^^^^^
  File "/sps/lsst/groups/clusters/cl_pipeline_project/conda_envs/firecrown_developer_clp/lib/python3.13/site-packages/firecrown/updatable/_base.py", line 204, in update
    item.update(params, updated_record=child_records)
    ~~~~~~~~~~~^^^^^^^^^^^^^^^^^^^^^^^^^^^^^^^^^^^^^^
  File "/sps/lsst/groups/clusters/cl_pipeline_project/conda_envs/firecrown_developer_clp/lib/python3.13/site-packages/firecrown/updatable/_base.py", line 204, in update
    item.update(params, updated_record=child_records)
    ~~~~~~~~~~~^^^^^^^^^^^^^^^^^^^^^^^^^^^^^^^^^^^^^^
  File "/sps/lsst/groups/clusters/cl_pipeline_project/conda_envs/firecrown_developer_clp/lib/python3.13/site-packages/firecrown/updatable/_collection.py", line 64, in update
    updatable.update(params, updated_record)
    ~~~~~~~~~~~~~~~~^^^^^^^^^^^^^^^^^^^^^^^^
  File "/sps/lsst/groups/clusters/cl_pipeline_project/conda_envs/firecrown_developer_clp/lib/python3.13/site-packages/firecrown/updatable/_base.py", line 179, in update
    raise MissingSamplerParameterError(parameter.fullname) from exc
firecrown.updatable._exceptions.MissingSamplerParameterError: The parameter `purity_a_n` is required to update something in this likelihood.
It should have been supplied by the sampling framework.
The object being updated was:
purity_a_n


The above exception was the direct cause of the following exception:

Traceback (most recent call last):
  File "/sps/lsst/groups/clusters/cl_pipeline_project/conda_envs/firecrown_developer_clp/lib/python3.13/site-packages/emcee/ensemble.py", line 640, in __call__
    return self.f(x, *self.args, **self.kwargs)
           ~~~~~~^^^^^^^^^^^^^^^^^^^^^^^^^^^^^^
  File "/sps/lsst/groups/clusters/cl_pipeline_project/conda_envs/firecrown_developer_clp/lib/python3.13/site-packages/cosmosis/samplers/emcee/emcee_sampler.py", line 8, in log_probability_function
    r = emcee_pipeline.run_results(p)
  File "/sps/lsst/groups/clusters/cl_pipeline_project/conda_envs/firecrown_developer_clp/lib/python3.13/site-packages/cosmosis/runtime/pipeline.py", line 1238, in run_results
    like, r.extra, r.block = self.likelihood(p, return_data=True, all_params=all_params)
                             ~~~~~~~~~~~~~~~^^^^^^^^^^^^^^^^^^^^^^^^^^^^^^^^^^^^^^^^^^^^
  File "/sps/lsst/groups/clusters/cl_pipeline_project/conda_envs/firecrown_developer_clp/lib/python3.13/site-packages/cosmosis/runtime/pipeline.py", line 1370, in likelihood
    data = self.run_parameters(p, all_params=all_params)
  File "/sps/lsst/groups/clusters/cl_pipeline_project/conda_envs/firecrown_developer_clp/lib/python3.13/site-packages/cosmosis/runtime/pipeline.py", line 1142, in run_parameters
    if self.run(data):
       ~~~~~~~~^^^^^^
  File "/sps/lsst/groups/clusters/cl_pipeline_project/conda_envs/firecrown_developer_clp/lib/python3.13/site-packages/cosmosis/runtime/pipeline.py", line 649, in run
    status = module.execute(data_package)
  File "/sps/lsst/groups/clusters/cl_pipeline_project/conda_envs/firecrown_developer_clp/lib/python3.13/site-packages/cosmosis/runtime/module.py", line 246, in execute
    return self.execute_function(data_block, self.data)
           ~~~~~~~~~~~~~~~~~~~~~^^^^^^^^^^^^^^^^^^^^^^^
  File "/sps/lsst/groups/clusters/cl_pipeline_project/conda_envs/firecrown_developer_clp/lib/python3.13/site-packages/firecrown/connector/cosmosis/likelihood.py", line 372, in execute
    return instance.execute(sample)
           ~~~~~~~~~~~~~~~~^^^^^^^^
  File "/sps/lsst/groups/clusters/cl_pipeline_project/conda_envs/firecrown_developer_clp/lib/python3.13/site-packages/firecrown/connector/cosmosis/likelihood.py", line 148, in execute
    updated_records = self.update_likelihood_and_tools(firecrown_params)
  File "/sps/lsst/groups/clusters/cl_pipeline_project/conda_envs/firecrown_developer_clp/lib/python3.13/site-packages/firecrown/connector/cosmosis/likelihood.py", line 296, in update_likelihood_and_tools
    raise RuntimeError(msg) from exc
RuntimeError: A required parameter was not found in any of the sections searched on DataBlock.
These are specified by the space-separated string `sampling_parameter_sections`.
The supplied value was: `firecrown_number_counts`
The missing parameter is named: `purity_a_n`

emcee: Exception while calling your likelihood function:
  params: [ 2.99063777  0.79745243 -0.29724824  0.30226536]
  args: []
  kwargs: {}
  exception:
Traceback (most recent call last):
  File "/sps/lsst/groups/clusters/cl_pipeline_project/conda_envs/firecrown_developer_clp/lib/python3.13/site-packages/firecrown/updatable/_base.py", line 177, in update
    value = params.get_from_full_name(parameter.fullname)
  File "/sps/lsst/groups/clusters/cl_pipeline_project/conda_envs/firecrown_developer_clp/lib/python3.13/site-packages/firecrown/parameters/_map.py", line 145, in get_from_full_name
    raise KeyError(f"Key {full_name} not found.")
KeyError: 'Key purity_a_n not found.'

The above exception was the direct cause of the following exception:

Traceback (most recent call last):
  File "/sps/lsst/groups/clusters/cl_pipeline_project/conda_envs/firecrown_developer_clp/lib/python3.13/site-packages/firecrown/connector/cosmosis/likelihood.py", line 289, in update_likelihood_and_tools
    self.likelihood.update(firecrown_params, updated_records)
    ~~~~~~~~~~~~~~~~~~~~~~^^^^^^^^^^^^^^^^^^^^^^^^^^^^^^^^^^^
  File "/sps/lsst/groups/clusters/cl_pipeline_project/conda_envs/firecrown_developer_clp/lib/python3.13/site-packages/firecrown/updatable/_base.py", line 204, in update
    item.update(params, updated_record=child_records)
    ~~~~~~~~~~~^^^^^^^^^^^^^^^^^^^^^^^^^^^^^^^^^^^^^^
  File "/sps/lsst/groups/clusters/cl_pipeline_project/conda_envs/firecrown_developer_clp/lib/python3.13/site-packages/firecrown/updatable/_collection.py", line 64, in update
    updatable.update(params, updated_record)
    ~~~~~~~~~~~~~~~~^^^^^^^^^^^^^^^^^^^^^^^^
  File "/sps/lsst/groups/clusters/cl_pipeline_project/conda_envs/firecrown_developer_clp/lib/python3.13/site-packages/firecrown/updatable/_base.py", line 204, in update
    item.update(params, updated_record=child_records)
    ~~~~~~~~~~~^^^^^^^^^^^^^^^^^^^^^^^^^^^^^^^^^^^^^^
  File "/sps/lsst/groups/clusters/cl_pipeline_project/conda_envs/firecrown_developer_clp/lib/python3.13/site-packages/firecrown/updatable/_base.py", line 204, in update
    item.update(params, updated_record=child_records)
    ~~~~~~~~~~~^^^^^^^^^^^^^^^^^^^^^^^^^^^^^^^^^^^^^^
  File "/sps/lsst/groups/clusters/cl_pipeline_project/conda_envs/firecrown_developer_clp/lib/python3.13/site-packages/firecrown/updatable/_base.py", line 204, in update
    item.update(params, updated_record=child_records)
    ~~~~~~~~~~~^^^^^^^^^^^^^^^^^^^^^^^^^^^^^^^^^^^^^^
  File "/sps/lsst/groups/clusters/cl_pipeline_project/conda_envs/firecrown_developer_clp/lib/python3.13/site-packages/firecrown/updatable/_collection.py", line 64, in update
    updatable.update(params, updated_record)
    ~~~~~~~~~~~~~~~~^^^^^^^^^^^^^^^^^^^^^^^^
  File "/sps/lsst/groups/clusters/cl_pipeline_project/conda_envs/firecrown_developer_clp/lib/python3.13/site-packages/firecrown/updatable/_base.py", line 179, in update
    raise MissingSamplerParameterError(parameter.fullname) from exc
firecrown.updatable._exceptions.MissingSamplerParameterError: The parameter `purity_a_n` is required to update something in this likelihood.
It should have been supplied by the sampling framework.
The object being updated was:
purity_a_n


The above exception was the direct cause of the following exception:

Traceback (most recent call last):
  File "/sps/lsst/groups/clusters/cl_pipeline_project/conda_envs/firecrown_developer_clp/bin/cosmosis", line 4, in <module>
    status = cosmosis.main.main()
  File "/sps/lsst/groups/clusters/cl_pipeline_project/conda_envs/firecrown_developer_clp/lib/python3.13/site-packages/cosmosis/main.py", line 585, in main
    return run_cosmosis(ini=args.inifile, pool=None, override=args.params, profile_mem=args.mem, profile_cpu=args.profile, variables=args.variables, only=args.only)
  File "/sps/lsst/groups/clusters/cl_pipeline_project/conda_envs/firecrown_developer_clp/lib/python3.13/site-packages/cosmosis/main.py", line 436, in run_cosmosis
    sampler_main_loop(sampler, output, pool, is_root)
    ~~~~~~~~~~~~~~~~~^^^^^^^^^^^^^^^^^^^^^^^^^^^^^^^^
  File "/sps/lsst/groups/clusters/cl_pipeline_project/conda_envs/firecrown_developer_clp/lib/python3.13/site-packages/cosmosis/main.py", line 70, in sampler_main_loop
    sampler.execute()
    ~~~~~~~~~~~~~~~^^
  File "/sps/lsst/groups/clusters/cl_pipeline_project/conda_envs/firecrown_developer_clp/lib/python3.13/site-packages/cosmosis/samplers/emcee/emcee_sampler.py", line 154, in execute
    for (pos, prob, rstate, extra_info) in self.ensemble.sample(self.p0, **kwargs):
                                           ~~~~~~~~~~~~~~~~~~~~^^^^^^^^^^^^^^^^^^^
  File "/sps/lsst/groups/clusters/cl_pipeline_project/conda_envs/firecrown_developer_clp/lib/python3.13/site-packages/emcee/ensemble.py", line 351, in sample
    state.log_prob, state.blobs = self.compute_log_prob(state.coords)
                                  ~~~~~~~~~~~~~~~~~~~~~^^^^^^^^^^^^^^
  File "/sps/lsst/groups/clusters/cl_pipeline_project/conda_envs/firecrown_developer_clp/lib/python3.13/site-packages/emcee/ensemble.py", line 496, in compute_log_prob
    results = list(map_func(self.log_prob_fn, p))
  File "/sps/lsst/groups/clusters/cl_pipeline_project/conda_envs/firecrown_developer_clp/lib/python3.13/site-packages/emcee/ensemble.py", line 640, in __call__
    return self.f(x, *self.args, **self.kwargs)
           ~~~~~~^^^^^^^^^^^^^^^^^^^^^^^^^^^^^^
  File "/sps/lsst/groups/clusters/cl_pipeline_project/conda_envs/firecrown_developer_clp/lib/python3.13/site-packages/cosmosis/samplers/emcee/emcee_sampler.py", line 8, in log_probability_function
    r = emcee_pipeline.run_results(p)
  File "/sps/lsst/groups/clusters/cl_pipeline_project/conda_envs/firecrown_developer_clp/lib/python3.13/site-packages/cosmosis/runtime/pipeline.py", line 1238, in run_results
    like, r.extra, r.block = self.likelihood(p, return_data=True, all_params=all_params)
                             ~~~~~~~~~~~~~~~^^^^^^^^^^^^^^^^^^^^^^^^^^^^^^^^^^^^^^^^^^^^
  File "/sps/lsst/groups/clusters/cl_pipeline_project/conda_envs/firecrown_developer_clp/lib/python3.13/site-packages/cosmosis/runtime/pipeline.py", line 1370, in likelihood
    data = self.run_parameters(p, all_params=all_params)
  File "/sps/lsst/groups/clusters/cl_pipeline_project/conda_envs/firecrown_developer_clp/lib/python3.13/site-packages/cosmosis/runtime/pipeline.py", line 1142, in run_parameters
    if self.run(data):
       ~~~~~~~~^^^^^^
  File "/sps/lsst/groups/clusters/cl_pipeline_project/conda_envs/firecrown_developer_clp/lib/python3.13/site-packages/cosmosis/runtime/pipeline.py", line 649, in run
    status = module.execute(data_package)
  File "/sps/lsst/groups/clusters/cl_pipeline_project/conda_envs/firecrown_developer_clp/lib/python3.13/site-packages/cosmosis/runtime/module.py", line 246, in execute
    return self.execute_function(data_block, self.data)
           ~~~~~~~~~~~~~~~~~~~~~^^^^^^^^^^^^^^^^^^^^^^^
  File "/sps/lsst/groups/clusters/cl_pipeline_project/conda_envs/firecrown_developer_clp/lib/python3.13/site-packages/firecrown/connector/cosmosis/likelihood.py", line 372, in execute
    return instance.execute(sample)
           ~~~~~~~~~~~~~~~~^^^^^^^^
  File "/sps/lsst/groups/clusters/cl_pipeline_project/conda_envs/firecrown_developer_clp/lib/python3.13/site-packages/firecrown/connector/cosmosis/likelihood.py", line 148, in execute
    updated_records = self.update_likelihood_and_tools(firecrown_params)
  File "/sps/lsst/groups/clusters/cl_pipeline_project/conda_envs/firecrown_developer_clp/lib/python3.13/site-packages/firecrown/connector/cosmosis/likelihood.py", line 296, in update_likelihood_and_tools
    raise RuntimeError(msg) from exc
RuntimeError: A required parameter was not found in any of the sections searched on DataBlock.
These are specified by the space-separated string `sampling_parameter_sections`.
The supplied value was: `firecrown_number_counts`
The missing parameter is named: `purity_a_n`

****************************************************************
*                      SLURM Batch System                      *
*           IN2P3 Computing Centre, Villeurbanne FR            *
****************************************************************
Date: Thu Feb 19 06:58:59 PM CET 2026
Job informations can be found using these commands:
Accounting:
sacct -j 28250900
Efficiency:
seff 28250900
****************************************************************
